生成启动时间为 2016/3/2 星期三 19:06:51。
     1>项目“E:\项目\新\四则运算作业（薛贤男）\四则运算作业（薛贤男）\四则运算作业（薛贤男）.vcxproj”在节点 2 上(build 个目标)。
     1>InitializeBuildStatus:
         正在对“Debug\四则运算作业（薛贤男）.unsuccessfulbuild”执行 Touch 任务。
       ClCompile:
         e:\新建文件夹 (1)\VC\bin\CL.exe /c /ZI /nologo /W3 /WX- /Od /Oy- /D WIN32 /D _DEBUG /D _CONSOLE /D _MBCS /Gm /EHsc /RTC1 /MDd /GS /fp:precise /Zc:wchar_t /Zc:forScope /Fo"Debug\\" /Fd"Debug\vc100.pdb" /Gd /TP /analyze- /errorReport:prompt "四则运算作业.cpp"
         四则运算作业.cpp
     1>e:\项目\新\四则运算作业（薛贤男）\四则运算作业（薛贤男）\四则运算作业.cpp(18): warning C4996: 'sprintf': This function or variable may be unsafe. Consider using sprintf_s instead. To disable deprecation, use _CRT_SECURE_NO_WARNINGS. See online help for details.
                 e:\新建文件夹 (1)\vc\include\stdio.h(371) : 参见“sprintf”的声明
     1>e:\项目\新\四则运算作业（薛贤男）\四则运算作业（薛贤男）\四则运算作业.cpp(348): warning C4018: “<”: 有符号/无符号不匹配
     1>e:\项目\新\四则运算作业（薛贤男）\四则运算作业（薛贤男）\四则运算作业.cpp(555): warning C4018: “<”: 有符号/无符号不匹配
     1>e:\项目\新\四则运算作业（薛贤男）\四则运算作业（薛贤男）\四则运算作业.cpp(564): warning C4018: “<”: 有符号/无符号不匹配
     1>e:\项目\新\四则运算作业（薛贤男）\四则运算作业（薛贤男）\四则运算作业.cpp(132): warning C4715: “getPri”: 不是所有的控件路径都返回值
     1>e:\项目\新\四则运算作业（薛贤男）\四则运算作业（薛贤男）\四则运算作业.cpp(288): warning C4715: “isRepeat”: 不是所有的控件路径都返回值
       ManifestResourceCompile:
         C:\Program Files (x86)\Microsoft SDKs\Windows\v7.0A\bin\rc.exe /nologo /fo"Debug\四则运算作业（薛贤男）.exe.embed.manifest.res" "Debug\四则运算作业（薛贤男）_manifest.rc" 
       Link:
         e:\新建文件夹 (1)\VC\bin\link.exe /ERRORREPORT:PROMPT /OUT:"E:\项目\新\四则运算作业（薛贤男）\Debug\四则运算作业（薛贤男）.exe" /INCREMENTAL /NOLOGO kernel32.lib user32.lib gdi32.lib winspool.lib comdlg32.lib advapi32.lib shell32.lib ole32.lib oleaut32.lib uuid.lib odbc32.lib odbccp32.lib /MANIFEST /ManifestFile:"Debug\四则运算作业（薛贤男）.exe.intermediate.manifest" /MANIFESTUAC:"level='asInvoker' uiAccess='false'" /DEBUG /PDB:"E:\项目\新\四则运算作业（薛贤男）\Debug\四则运算作业（薛贤男）.pdb" /SUBSYSTEM:CONSOLE /TLBID:1 /DYNAMICBASE /NXCOMPAT /IMPLIB:"E:\项目\新\四则运算作业（薛贤男）\Debug\四则运算作业（薛贤男）.lib" /MACHINE:X86 "Debug\四则运算作业（薛贤男）.exe.embed.manifest.res"
         "Debug\四则运算作业.obj"
       Manifest:
         C:\Program Files (x86)\Microsoft SDKs\Windows\v7.0A\bin\mt.exe /nologo /verbose /out:"Debug\四则运算作业（薛贤男）.exe.embed.manifest" /manifest "Debug\四则运算作业（薛贤男）.exe.intermediate.manifest"
         C:\Program Files (x86)\Microsoft SDKs\Windows\v7.0A\bin\rc.exe /nologo /fo"Debug\四则运算作业（薛贤男）.exe.embed.manifest.res" "Debug\四则运算作业（薛贤男）_manifest.rc" 
       LinkEmbedManifest:
         e:\新建文件夹 (1)\VC\bin\link.exe /ERRORREPORT:PROMPT /OUT:"E:\项目\新\四则运算作业（薛贤男）\Debug\四则运算作业（薛贤男）.exe" /INCREMENTAL /NOLOGO kernel32.lib user32.lib gdi32.lib winspool.lib comdlg32.lib advapi32.lib shell32.lib ole32.lib oleaut32.lib uuid.lib odbc32.lib odbccp32.lib /MANIFEST /ManifestFile:"Debug\四则运算作业（薛贤男）.exe.intermediate.manifest" /MANIFESTUAC:"level='asInvoker' uiAccess='false'" /DEBUG /PDB:"E:\项目\新\四则运算作业（薛贤男）\Debug\四则运算作业（薛贤男）.pdb" /SUBSYSTEM:CONSOLE /TLBID:1 /DYNAMICBASE /NXCOMPAT /IMPLIB:"E:\项目\新\四则运算作业（薛贤男）\Debug\四则运算作业（薛贤男）.lib" /MACHINE:X86 "Debug\四则运算作业（薛贤男）.exe.embed.manifest.res"
         "Debug\四则运算作业.obj"
         四则运算作业（薛贤男）.vcxproj -> E:\项目\新\四则运算作业（薛贤男）\Debug\四则运算作业（薛贤男）.exe
       FinalizeBuildStatus:
         正在删除文件“Debug\四则运算作业（薛贤男）.unsuccessfulbuild”。
         正在对“Debug\四则运算作业（薛贤男）.lastbuildstate”执行 Touch 任务。
     1>已完成生成项目“E:\项目\新\四则运算作业（薛贤男）\四则运算作业（薛贤男）\四则运算作业（薛贤男）.vcxproj”(build 个目标)的操作。

生成成功。

已用时间 00:00:04.37
